This file contains any messages produced by compilers while
running configure, to aid debugging if configure makes a mistake.

It was created by libxc configure 1.0-alpha, which was
generated by GNU Autoconf 2.61.  Invocation command line was

  $ ./configure 

## --------- ##
## Platform. ##
## --------- ##

hostname = sandip-lappy
uname -m = i686
uname -r = 2.6.27-7-generic
uname -s = Linux
uname -v = #1 SMP Fri Oct 24 06:42:44 UTC 2008

/usr/bin/uname -p = unknown
/bin/uname -X     = unknown

/bin/arch              = unknown
/usr/bin/arch -k       = unknown
/usr/convex/getsysinfo = unknown
/usr/bin/hostinfo      = unknown
/bin/machine           = unknown
/usr/bin/oslevel       = unknown
/bin/universe          = unknown

PATH: /home/sandip/XCrySDen-1.4.1bin-static
PATH: /opt/intel/fc/10.0.023/bin
PATH: /opt/intel/cc/10.0.023/bin
PATH: /usr/local/sbin
PATH: /usr/local/bin
PATH: /usr/sbin
PATH: /usr/bin
PATH: /sbin
PATH: /bin
PATH: /usr/games
PATH: /opt/real/RealPlayer
PATH: /home/sandip/XCrySDen-1.4.1bin-static/scripts
PATH: /home/sandip/XCrySDen-1.4.1bin-static/util
PATH: /usr/local/cuda/bin


## ----------- ##
## Core tests. ##
## ----------- ##

configure:1811: checking for a BSD-compatible install
configure:1867: result: /usr/bin/install -c
configure:1878: checking whether build environment is sane
configure:1921: result: yes
configure:1949: checking for a thread-safe mkdir -p
configure:1988: result: /bin/mkdir -p
configure:2001: checking for gawk
configure:2017: found /usr/bin/gawk
configure:2028: result: gawk
configure:2039: checking whether make sets $(MAKE)
configure:2060: result: yes
configure:2304: checking for gcc
configure:2320: found /usr/bin/gcc
configure:2331: result: gcc
configure:2569: checking for C compiler version
configure:2576: gcc --version >&5
gcc (Ubuntu 4.3.2-1ubuntu11) 4.3.2
Copyright (C) 2008 Free Software Foundation, Inc.
This is free software; see the source for copying conditions.  There is NO
warranty; not even for MERCHANTABILITY or FITNESS FOR A PARTICULAR PURPOSE.

configure:2579: $? = 0
configure:2586: gcc -v >&5
Using built-in specs.
Target: i486-linux-gnu
Configured with: ../src/configure -v --with-pkgversion='Ubuntu 4.3.2-1ubuntu11' --with-bugurl=file:///usr/share/doc/gcc-4.3/README.Bugs --enable-languages=c,c++,fortran,objc,obj-c++ --prefix=/usr --enable-shared --with-system-zlib --libexecdir=/usr/lib --without-included-gettext --enable-threads=posix --enable-nls --with-gxx-include-dir=/usr/include/c++/4.3 --program-suffix=-4.3 --enable-clocale=gnu --enable-libstdcxx-debug --enable-objc-gc --enable-mpfr --enable-targets=all --enable-checking=release --build=i486-linux-gnu --host=i486-linux-gnu --target=i486-linux-gnu
Thread model: posix
gcc version 4.3.2 (Ubuntu 4.3.2-1ubuntu11) 
configure:2589: $? = 0
configure:2596: gcc -V >&5
gcc: '-V' option must have argument
configure:2599: $? = 1
configure:2622: checking for C compiler default output file name
configure:2649: gcc    conftest.c  >&5
configure:2652: $? = 0
configure:2690: result: a.out
configure:2707: checking whether the C compiler works
configure:2717: ./a.out
configure:2720: $? = 0
configure:2737: result: yes
configure:2744: checking whether we are cross compiling
configure:2746: result: no
configure:2749: checking for suffix of executables
configure:2756: gcc -o conftest    conftest.c  >&5
configure:2759: $? = 0
configure:2783: result: 
configure:2789: checking for suffix of object files
configure:2815: gcc -c   conftest.c >&5
configure:2818: $? = 0
configure:2841: result: o
configure:2845: checking whether we are using the GNU C compiler
configure:2874: gcc -c   conftest.c >&5
configure:2880: $? = 0
configure:2897: result: yes
configure:2902: checking whether gcc accepts -g
configure:2932: gcc -c -g  conftest.c >&5
configure:2938: $? = 0
configure:3037: result: yes
configure:3054: checking for gcc option to accept ISO C89
configure:3128: gcc  -c -g -O2  conftest.c >&5
configure:3134: $? = 0
configure:3157: result: none needed
configure:3186: checking for style of include used by make
configure:3214: result: GNU
configure:3239: checking dependency style of gcc
configure:3330: result: gcc3
configure:3388: checking for ranlib
configure:3404: found /usr/bin/ranlib
configure:3415: result: ranlib
configure:3447: checking how to run the C preprocessor
configure:3487: gcc -E  conftest.c
configure:3493: $? = 0
configure:3524: gcc -E  conftest.c
conftest.c:10:28: error: ac_nonexistent.h: No such file or directory
configure:3530: $? = 1
configure: failed program was:
| /* confdefs.h.  */
| #define PACKAGE_NAME "libxc"
| #define PACKAGE_TARNAME "libxc"
| #define PACKAGE_VERSION "1.0-alpha"
| #define PACKAGE_STRING "libxc 1.0-alpha"
| #define PACKAGE_BUGREPORT "octopus-users@tddft.org"
| #define PACKAGE "libxc"
| #define VERSION "1.0-alpha"
| /* end confdefs.h.  */
| #include <ac_nonexistent.h>
configure:3563: result: gcc -E
configure:3592: gcc -E  conftest.c
configure:3598: $? = 0
configure:3629: gcc -E  conftest.c
conftest.c:10:28: error: ac_nonexistent.h: No such file or directory
configure:3635: $? = 1
configure: failed program was:
| /* confdefs.h.  */
| #define PACKAGE_NAME "libxc"
| #define PACKAGE_TARNAME "libxc"
| #define PACKAGE_VERSION "1.0-alpha"
| #define PACKAGE_STRING "libxc 1.0-alpha"
| #define PACKAGE_BUGREPORT "octopus-users@tddft.org"
| #define PACKAGE "libxc"
| #define VERSION "1.0-alpha"
| /* end confdefs.h.  */
| #include <ac_nonexistent.h>
configure:3674: checking whether gcc and cc understand -c and -o together
configure:3709: gcc -c conftest.c -o conftest2.o >&5
configure:3712: $? = 0
configure:3718: gcc -c conftest.c -o conftest2.o >&5
configure:3721: $? = 0
configure:3732: cc -c conftest.c >&5
configure:3735: $? = 0
configure:3743: cc -c conftest.c -o conftest2.o >&5
configure:3746: $? = 0
configure:3752: cc -c conftest.c -o conftest2.o >&5
configure:3755: $? = 0
configure:3773: result: yes
configure:3799: checking for inline
configure:3825: gcc -c -g -O2  conftest.c >&5
configure:3831: $? = 0
configure:3849: result: inline
configure:3870: checking for grep that handles long lines and -e
configure:3944: result: /bin/grep
configure:3949: checking for egrep
configure:4027: result: /bin/grep -E
configure:4032: checking for ANSI C header files
configure:4062: gcc -c -g -O2  conftest.c >&5
configure:4068: $? = 0
configure:4167: gcc -o conftest -g -O2   conftest.c  >&5
configure:4170: $? = 0
configure:4176: ./conftest
configure:4179: $? = 0
configure:4196: result: yes
configure:4220: checking for sys/types.h
configure:4241: gcc -c -g -O2  conftest.c >&5
configure:4247: $? = 0
configure:4263: result: yes
configure:4220: checking for sys/stat.h
configure:4241: gcc -c -g -O2  conftest.c >&5
configure:4247: $? = 0
configure:4263: result: yes
configure:4220: checking for stdlib.h
configure:4241: gcc -c -g -O2  conftest.c >&5
configure:4247: $? = 0
configure:4263: result: yes
configure:4220: checking for string.h
configure:4241: gcc -c -g -O2  conftest.c >&5
configure:4247: $? = 0
configure:4263: result: yes
configure:4220: checking for memory.h
configure:4241: gcc -c -g -O2  conftest.c >&5
configure:4247: $? = 0
configure:4263: result: yes
configure:4220: checking for strings.h
configure:4241: gcc -c -g -O2  conftest.c >&5
configure:4247: $? = 0
configure:4263: result: yes
configure:4220: checking for inttypes.h
configure:4241: gcc -c -g -O2  conftest.c >&5
configure:4247: $? = 0
configure:4263: result: yes
configure:4220: checking for stdint.h
configure:4241: gcc -c -g -O2  conftest.c >&5
configure:4247: $? = 0
configure:4263: result: yes
configure:4220: checking for unistd.h
configure:4241: gcc -c -g -O2  conftest.c >&5
configure:4247: $? = 0
configure:4263: result: yes
configure:4277: checking for working alloca.h
configure:4304: gcc -o conftest -g -O2   conftest.c  >&5
configure:4310: $? = 0
configure:4327: result: yes
configure:4337: checking for alloca
configure:4384: gcc -o conftest -g -O2   conftest.c  >&5
configure:4390: $? = 0
configure:4407: result: yes
configure:4713: checking for xlf90
configure:4743: result: no
configure:4713: checking for f90
configure:4743: result: no
configure:4713: checking for pgf90
configure:4743: result: no
configure:4713: checking for pghpf
configure:4743: result: no
configure:4713: checking for epcf90
configure:4743: result: no
configure:4713: checking for gfortran
configure:4729: found /usr/bin/gfortran
configure:4740: result: gfortran
configure:4770: checking for Fortran compiler version
configure:4777: gfortran --version >&5
GNU Fortran (Ubuntu 4.3.2-1ubuntu11) 4.3.2
Copyright (C) 2008 Free Software Foundation, Inc.

GNU Fortran comes with NO WARRANTY, to the extent permitted by law.
You may redistribute copies of GNU Fortran
under the terms of the GNU General Public License.
For more information about these matters, see the file named COPYING

configure:4780: $? = 0
configure:4787: gfortran -v >&5
Using built-in specs.
Target: i486-linux-gnu
Configured with: ../src/configure -v --with-pkgversion='Ubuntu 4.3.2-1ubuntu11' --with-bugurl=file:///usr/share/doc/gcc-4.3/README.Bugs --enable-languages=c,c++,fortran,objc,obj-c++ --prefix=/usr --enable-shared --with-system-zlib --libexecdir=/usr/lib --without-included-gettext --enable-threads=posix --enable-nls --with-gxx-include-dir=/usr/include/c++/4.3 --program-suffix=-4.3 --enable-clocale=gnu --enable-libstdcxx-debug --enable-objc-gc --enable-mpfr --enable-targets=all --enable-checking=release --build=i486-linux-gnu --host=i486-linux-gnu --target=i486-linux-gnu
Thread model: posix
gcc version 4.3.2 (Ubuntu 4.3.2-1ubuntu11) 
configure:4790: $? = 0
configure:4797: gfortran -V >&5
gfortran: '-V' option must have argument
configure:4800: $? = 1
configure:4808: checking whether we are using the GNU Fortran compiler
configure:4827: gfortran -c   conftest.F >&5
configure:4833: $? = 0
configure:4850: result: yes
configure:4856: checking whether gfortran accepts -g
configure:4873: gfortran -c -g  conftest.f >&5
configure:4879: $? = 0
configure:4895: result: yes
configure:4935: checking for Fortran flag to compile .f90 files
configure:4957: gfortran -c -g -O2  conftest.f90 >&5
configure:4963: $? = 0
configure:4982: result: none
configure:5013: checking build system type
configure:5031: result: i686-pc-linux-gnu
configure:5053: checking host system type
configure:5068: result: i686-pc-linux-gnu
configure:5164: Using FCFLAGS="-pipe -O3 -funroll-loops -ffast-math -ffree-line-length-none"
configure:5178: checking how to get verbose linking output from gfortran
configure:5194: gfortran -c -pipe -O3 -funroll-loops -ffast-math -ffree-line-length-none  conftest.f90 >&5
configure:5200: $? = 0
configure:5222: gfortran -o conftest -pipe -O3 -funroll-loops -ffast-math -ffree-line-length-none -v conftest.f90
Using built-in specs.
Target: i486-linux-gnu
Configured with: ../src/configure -v --with-pkgversion='Ubuntu 4.3.2-1ubuntu11' --with-bugurl=file:///usr/share/doc/gcc-4.3/README.Bugs --enable-languages=c,c++,fortran,objc,obj-c++ --prefix=/usr --enable-shared --with-system-zlib --libexecdir=/usr/lib --without-included-gettext --enable-threads=posix --enable-nls --with-gxx-include-dir=/usr/include/c++/4.3 --program-suffix=-4.3 --enable-clocale=gnu --enable-libstdcxx-debug --enable-objc-gc --enable-mpfr --enable-targets=all --enable-checking=release --build=i486-linux-gnu --host=i486-linux-gnu --target=i486-linux-gnu
Thread model: posix
gcc version 4.3.2 (Ubuntu 4.3.2-1ubuntu11) 
COLLECT_GCC_OPTIONS='-o' 'conftest' '-pipe' '-O3' '-funroll-loops' '-ffast-math' '-ffree-line-length-none' '-v' '-shared-libgcc' '-mtune=generic'
 /usr/lib/gcc/i486-linux-gnu/4.3.2/f951 conftest.f90 -quiet -dumpbase conftest.f90 -mtune=generic -auxbase conftest -O3 -version -funroll-loops -ffast-math -ffree-line-length-none -fintrinsic-modules-path /usr/lib/gcc/i486-linux-gnu/4.3.2/finclude -o - |
 as -V -Qy -o /tmp/ccFYwgfr.o -
GNU F95 (Ubuntu 4.3.2-1ubuntu11) version 4.3.2 (i486-linux-gnu)
	compiled by GNU C version 4.3.2, GMP version 4.2.2, MPFR version 2.3.2.
GNU assembler version 2.18.93 (i486-linux-gnu) using BFD version (GNU Binutils for Ubuntu) 2.18.93.20081009
GGC heuristics: --param ggc-min-expand=100 --param ggc-min-heapsize=131072
COMPILER_PATH=/usr/lib/gcc/i486-linux-gnu/4.3.2/:/usr/lib/gcc/i486-linux-gnu/4.3.2/:/usr/lib/gcc/i486-linux-gnu/:/usr/lib/gcc/i486-linux-gnu/4.3.2/:/usr/lib/gcc/i486-linux-gnu/:/usr/lib/gcc/i486-linux-gnu/4.3.2/:/usr/lib/gcc/i486-linux-gnu/
LIBRARY_PATH=/usr/lib/gcc/i486-linux-gnu/4.3.2/:/usr/lib/gcc/i486-linux-gnu/4.3.2/:/usr/lib/gcc/i486-linux-gnu/4.3.2/../../../../lib/:/lib/../lib/:/usr/lib/../lib/:/opt/intel/mkl/9.1.023/lib/32/:/usr/lib/gcc/i486-linux-gnu/4.3.2/../../../:/lib/:/usr/lib/
COLLECT_GCC_OPTIONS='-o' 'conftest' '-pipe' '-O3' '-funroll-loops' '-ffast-math' '-ffree-line-length-none' '-v' '-shared-libgcc' '-mtune=generic'
 /usr/lib/gcc/i486-linux-gnu/4.3.2/collect2 --eh-frame-hdr -m elf_i386 --hash-style=both -dynamic-linker /lib/ld-linux.so.2 -o conftest -z relro /usr/lib/gcc/i486-linux-gnu/4.3.2/../../../../lib/crt1.o /usr/lib/gcc/i486-linux-gnu/4.3.2/../../../../lib/crti.o /usr/lib/gcc/i486-linux-gnu/4.3.2/crtbegin.o -L/usr/lib/gcc/i486-linux-gnu/4.3.2 -L/usr/lib/gcc/i486-linux-gnu/4.3.2 -L/usr/lib/gcc/i486-linux-gnu/4.3.2/../../../../lib -L/lib/../lib -L/usr/lib/../lib -L/opt/intel/mkl/9.1.023/lib/32 -L/usr/lib/gcc/i486-linux-gnu/4.3.2/../../.. /tmp/ccFYwgfr.o -lgfortranbegin -lgfortran -lm -lgcc_s -lgcc -lc -lgcc_s -lgcc /usr/lib/gcc/i486-linux-gnu/4.3.2/crtfastmath.o /usr/lib/gcc/i486-linux-gnu/4.3.2/crtend.o /usr/lib/gcc/i486-linux-gnu/4.3.2/../../../../lib/crtn.o
configure:5288: result: -v
configure:5290: checking for Fortran libraries of gfortran
configure:5313: gfortran -o conftest -pipe -O3 -funroll-loops -ffast-math -ffree-line-length-none -v conftest.f90
Using built-in specs.
Target: i486-linux-gnu
Configured with: ../src/configure -v --with-pkgversion='Ubuntu 4.3.2-1ubuntu11' --with-bugurl=file:///usr/share/doc/gcc-4.3/README.Bugs --enable-languages=c,c++,fortran,objc,obj-c++ --prefix=/usr --enable-shared --with-system-zlib --libexecdir=/usr/lib --without-included-gettext --enable-threads=posix --enable-nls --with-gxx-include-dir=/usr/include/c++/4.3 --program-suffix=-4.3 --enable-clocale=gnu --enable-libstdcxx-debug --enable-objc-gc --enable-mpfr --enable-targets=all --enable-checking=release --build=i486-linux-gnu --host=i486-linux-gnu --target=i486-linux-gnu
Thread model: posix
gcc version 4.3.2 (Ubuntu 4.3.2-1ubuntu11) 
COLLECT_GCC_OPTIONS='-o' 'conftest' '-pipe' '-O3' '-funroll-loops' '-ffast-math' '-ffree-line-length-none' '-v' '-shared-libgcc' '-mtune=generic'
 /usr/lib/gcc/i486-linux-gnu/4.3.2/f951 conftest.f90 -quiet -dumpbase conftest.f90 -mtune=generic -auxbase conftest -O3 -version -funroll-loops -ffast-math -ffree-line-length-none -fintrinsic-modules-path /usr/lib/gcc/i486-linux-gnu/4.3.2/finclude -o - |
 as -V -Qy -o /tmp/ccMijlIR.o -
GNU assembler version 2.18.93 (i486-linux-gnu) using BFD version (GNU Binutils for Ubuntu) 2.18.93.20081009
GNU F95 (Ubuntu 4.3.2-1ubuntu11) version 4.3.2 (i486-linux-gnu)
	compiled by GNU C version 4.3.2, GMP version 4.2.2, MPFR version 2.3.2.
GGC heuristics: --param ggc-min-expand=100 --param ggc-min-heapsize=131072
COMPILER_PATH=/usr/lib/gcc/i486-linux-gnu/4.3.2/:/usr/lib/gcc/i486-linux-gnu/4.3.2/:/usr/lib/gcc/i486-linux-gnu/:/usr/lib/gcc/i486-linux-gnu/4.3.2/:/usr/lib/gcc/i486-linux-gnu/:/usr/lib/gcc/i486-linux-gnu/4.3.2/:/usr/lib/gcc/i486-linux-gnu/
LIBRARY_PATH=/usr/lib/gcc/i486-linux-gnu/4.3.2/:/usr/lib/gcc/i486-linux-gnu/4.3.2/:/usr/lib/gcc/i486-linux-gnu/4.3.2/../../../../lib/:/lib/../lib/:/usr/lib/../lib/:/opt/intel/mkl/9.1.023/lib/32/:/usr/lib/gcc/i486-linux-gnu/4.3.2/../../../:/lib/:/usr/lib/
COLLECT_GCC_OPTIONS='-o' 'conftest' '-pipe' '-O3' '-funroll-loops' '-ffast-math' '-ffree-line-length-none' '-v' '-shared-libgcc' '-mtune=generic'
 /usr/lib/gcc/i486-linux-gnu/4.3.2/collect2 --eh-frame-hdr -m elf_i386 --hash-style=both -dynamic-linker /lib/ld-linux.so.2 -o conftest -z relro /usr/lib/gcc/i486-linux-gnu/4.3.2/../../../../lib/crt1.o /usr/lib/gcc/i486-linux-gnu/4.3.2/../../../../lib/crti.o /usr/lib/gcc/i486-linux-gnu/4.3.2/crtbegin.o -L/usr/lib/gcc/i486-linux-gnu/4.3.2 -L/usr/lib/gcc/i486-linux-gnu/4.3.2 -L/usr/lib/gcc/i486-linux-gnu/4.3.2/../../../../lib -L/lib/../lib -L/usr/lib/../lib -L/opt/intel/mkl/9.1.023/lib/32 -L/usr/lib/gcc/i486-linux-gnu/4.3.2/../../.. /tmp/ccMijlIR.o -lgfortranbegin -lgfortran -lm -lgcc_s -lgcc -lc -lgcc_s -lgcc /usr/lib/gcc/i486-linux-gnu/4.3.2/crtfastmath.o /usr/lib/gcc/i486-linux-gnu/4.3.2/crtend.o /usr/lib/gcc/i486-linux-gnu/4.3.2/../../../../lib/crtn.o
configure:5487: result:  -L/usr/lib/gcc/i486-linux-gnu/4.3.2 -L/usr/lib/gcc/i486-linux-gnu/4.3.2/../../../../lib -L/lib/../lib -L/usr/lib/../lib -L/opt/intel/mkl/9.1.023/lib/32 -L/usr/lib/gcc/i486-linux-gnu/4.3.2/../../.. -lgfortranbegin -lgfortran -lm
configure:5502: checking for dummy main to link with Fortran libraries
configure:5546: gcc -o conftest -g -O2   conftest.c   -L/usr/lib/gcc/i486-linux-gnu/4.3.2 -L/usr/lib/gcc/i486-linux-gnu/4.3.2/../../../../lib -L/lib/../lib -L/usr/lib/../lib -L/opt/intel/mkl/9.1.023/lib/32 -L/usr/lib/gcc/i486-linux-gnu/4.3.2/../../.. -lgfortranbegin -lgfortran -lm >&5
configure:5552: $? = 0
configure:5633: result: none
configure:5669: checking for Fortran name-mangling scheme
configure:5688: gfortran -c -pipe -O3 -funroll-loops -ffast-math -ffree-line-length-none  conftest.f90 >&5
configure:5694: $? = 0
configure:5749: gcc -o conftest -g -O2   conftest.c cfortran_test.o   -L/usr/lib/gcc/i486-linux-gnu/4.3.2 -L/usr/lib/gcc/i486-linux-gnu/4.3.2/../../../../lib -L/lib/../lib -L/usr/lib/../lib -L/opt/intel/mkl/9.1.023/lib/32 -L/usr/lib/gcc/i486-linux-gnu/4.3.2/../../.. -lgfortranbegin -lgfortran -lm >&5
/tmp/ccizET2b.o: In function `main':
/home/sandip/project/3ddft-3.2/libxc-1.0-alpha/conftest.c:42: undefined reference to `foobar'
collect2: ld returned 1 exit status
configure:5755: $? = 1
configure: failed program was:
| /* confdefs.h.  */
| #define PACKAGE_NAME "libxc"
| #define PACKAGE_TARNAME "libxc"
| #define PACKAGE_VERSION "1.0-alpha"
| #define PACKAGE_STRING "libxc 1.0-alpha"
| #define PACKAGE_BUGREPORT "octopus-users@tddft.org"
| #define PACKAGE "libxc"
| #define VERSION "1.0-alpha"
| #define STDC_HEADERS 1
| #define HAVE_SYS_TYPES_H 1
| #define HAVE_SYS_STAT_H 1
| #define HAVE_STDLIB_H 1
| #define HAVE_STRING_H 1
| #define HAVE_MEMORY_H 1
| #define HAVE_STRINGS_H 1
| #define HAVE_INTTYPES_H 1
| #define HAVE_STDINT_H 1
| #define HAVE_UNISTD_H 1
| #define HAVE_ALLOCA_H 1
| #define HAVE_ALLOCA 1
| #define HAVE_FORTRAN 1
| /* end confdefs.h.  */
| 
| /* Override any GCC internal prototype to avoid an error.
|    Use char because int might match the return type of a GCC
|    builtin and then its argument prototype would still apply.  */
| #ifdef __cplusplus
| extern "C"
| #endif
| char foobar ();
| #ifdef FC_DUMMY_MAIN
| #ifndef FC_DUMMY_MAIN_EQ_F77
| #  ifdef __cplusplus
|      extern "C"
| #  endif
|    int FC_DUMMY_MAIN() { return 1; }
| #endif
| #endif
| int
| main ()
| {
| return foobar ();
|   ;
|   return 0;
| }
configure:5749: gcc -o conftest -g -O2   conftest.c cfortran_test.o   -L/usr/lib/gcc/i486-linux-gnu/4.3.2 -L/usr/lib/gcc/i486-linux-gnu/4.3.2/../../../../lib -L/lib/../lib -L/usr/lib/../lib -L/opt/intel/mkl/9.1.023/lib/32 -L/usr/lib/gcc/i486-linux-gnu/4.3.2/../../.. -lgfortranbegin -lgfortran -lm >&5
configure:5755: $? = 0
configure:5834: gcc -o conftest -g -O2   conftest.c cfortran_test.o   -L/usr/lib/gcc/i486-linux-gnu/4.3.2 -L/usr/lib/gcc/i486-linux-gnu/4.3.2/../../../../lib -L/lib/../lib -L/usr/lib/../lib -L/opt/intel/mkl/9.1.023/lib/32 -L/usr/lib/gcc/i486-linux-gnu/4.3.2/../../.. -lgfortranbegin -lgfortran -lm >&5
configure:5840: $? = 0
configure:5897: result: lower case, underscore, no extra underscore
configure:5996: checking whether the compiler accepts very long lines
configure:6010: gfortran -c -pipe -O3 -funroll-loops -ffast-math -ffree-line-length-none  conftest.f90 >&5
configure:6016: $? = 0
configure:6036: result: yes
configure:6041: checking whether the compiler accepts "line-number" lines cast by the preprocessor
configure:6054: gfortran -c -pipe -O3 -funroll-loops -ffast-math -ffree-line-length-none  conftest.f90 >&5
configure:6060: $? = 0
configure:6081: result: yes
configure:6086: checking for the size of a Fortran integer
configure:6108: gfortran -pipe -O3 -funroll-loops -ffast-math -ffree-line-length-none  -o intsizetest.x intsizetest.f90 1>&5
configure:6111: $? = 0
configure:6128: result: 4 bytes
configure:6132: checking for which C type corresponds to Fortran integer
configure:6154: gcc -g -O2  -o ccfortranint.x ccfortranint.c 1>&5
configure:6157: $? = 0
configure:6175: result: int
configure:6355: creating ./config.status

## ---------------------- ##
## Running config.status. ##
## ---------------------- ##

This file was extended by libxc config.status 1.0-alpha, which was
generated by GNU Autoconf 2.61.  Invocation command line was

  CONFIG_FILES    = 
  CONFIG_HEADERS  = 
  CONFIG_LINKS    = 
  CONFIG_COMMANDS = 
  $ ./config.status 

on sandip-lappy

config.status:664: creating Makefile
config.status:664: creating src/Makefile
config.status:664: creating testsuite/Makefile
config.status:664: creating config.h
config.status:899: config.h is unchanged
config.status:946: executing depfiles commands

## ---------------- ##
## Cache variables. ##
## ---------------- ##

ac_cv_build=i686-pc-linux-gnu
ac_cv_build_fortran=yes
ac_cv_c_compiler_gnu=yes
ac_cv_c_inline=inline
ac_cv_env_CC_set=
ac_cv_env_CC_value=
ac_cv_env_CFLAGS_set=
ac_cv_env_CFLAGS_value=
ac_cv_env_CPPFLAGS_set=
ac_cv_env_CPPFLAGS_value=
ac_cv_env_CPP_set=
ac_cv_env_CPP_value=
ac_cv_env_FCCPP_set=
ac_cv_env_FCCPP_value=
ac_cv_env_FCFLAGS_set=
ac_cv_env_FCFLAGS_value=
ac_cv_env_FC_set=
ac_cv_env_FC_value=
ac_cv_env_LDFLAGS_set=
ac_cv_env_LDFLAGS_value=
ac_cv_env_LIBS_set=
ac_cv_env_LIBS_value=
ac_cv_env_build_alias_set=
ac_cv_env_build_alias_value=
ac_cv_env_host_alias_set=
ac_cv_env_host_alias_value=
ac_cv_env_target_alias_set=
ac_cv_env_target_alias_value=
ac_cv_fc_compiler_gnu=yes
ac_cv_fc_dummy_main=none
ac_cv_fc_libs=' -L/usr/lib/gcc/i486-linux-gnu/4.3.2 -L/usr/lib/gcc/i486-linux-gnu/4.3.2/../../../../lib -L/lib/../lib -L/usr/lib/../lib -L/opt/intel/mkl/9.1.023/lib/32 -L/usr/lib/gcc/i486-linux-gnu/4.3.2/../../.. -lgfortranbegin -lgfortran -lm'
ac_cv_fc_mangling='lower case, underscore, no extra underscore'
ac_cv_fc_srcext_f90=none
ac_cv_fortran_dummy_main=none
ac_cv_func_alloca_works=yes
ac_cv_header_inttypes_h=yes
ac_cv_header_memory_h=yes
ac_cv_header_stdc=yes
ac_cv_header_stdint_h=yes
ac_cv_header_stdlib_h=yes
ac_cv_header_string_h=yes
ac_cv_header_strings_h=yes
ac_cv_header_sys_stat_h=yes
ac_cv_header_sys_types_h=yes
ac_cv_header_unistd_h=yes
ac_cv_host=i686-pc-linux-gnu
ac_cv_objext=o
ac_cv_path_EGREP='/bin/grep -E'
ac_cv_path_GREP=/bin/grep
ac_cv_path_install='/usr/bin/install -c'
ac_cv_path_mkdir=/bin/mkdir
ac_cv_prog_AWK=gawk
ac_cv_prog_CPP='gcc -E'
ac_cv_prog_ac_ct_CC=gcc
ac_cv_prog_ac_ct_FC=gfortran
ac_cv_prog_ac_ct_RANLIB=ranlib
ac_cv_prog_cc_c89=
ac_cv_prog_cc_g=yes
ac_cv_prog_cc_gcc_c_o=yes
ac_cv_prog_fc_g=yes
ac_cv_prog_fc_v=-v
ac_cv_prog_make_make_set=yes
ac_cv_single_prec=no
ac_cv_working_alloca_h=yes
am_cv_CC_dependencies_compiler_type=gcc3

## ----------------- ##
## Output variables. ##
## ----------------- ##

ACLOCAL='${SHELL} /home/sandip/project/3ddft-3.2/libxc-1.0-alpha/missing --run aclocal-1.10'
ALLOCA=''
AMDEPBACKSLASH='\'
AMDEP_FALSE='#'
AMDEP_TRUE=''
AMTAR='${SHELL} /home/sandip/project/3ddft-3.2/libxc-1.0-alpha/missing --run tar'
AUTOCONF='${SHELL} /home/sandip/project/3ddft-3.2/libxc-1.0-alpha/missing --run autoconf'
AUTOHEADER='${SHELL} /home/sandip/project/3ddft-3.2/libxc-1.0-alpha/missing --run autoheader'
AUTOMAKE='${SHELL} /home/sandip/project/3ddft-3.2/libxc-1.0-alpha/missing --run automake-1.10'
AWK='gawk'
CC='gcc'
CCDEPMODE='depmode=gcc3'
CFLAGS='-g -O2'
COMPILE_FORTRAN_FALSE='#'
COMPILE_FORTRAN_TRUE=''
COMPILE_SINGLE_FALSE=''
COMPILE_SINGLE_TRUE='#'
CPP='gcc -E'
CPPFLAGS=''
CYGPATH_W='echo'
DEFS='-DHAVE_CONFIG_H'
DEPDIR='.deps'
ECHO_C=''
ECHO_N='-n'
ECHO_T=''
EGREP='/bin/grep -E'
ENABLE_FORTRAN_FALSE='#'
ENABLE_FORTRAN_TRUE=''
EXEEXT=''
F90_ACCEPTS_LINE_NUMBERS='yes'
FC='gfortran'
FCCPP='/lib/cpp -C -ansi'
FCFLAGS='-pipe -O3 -funroll-loops -ffast-math -ffree-line-length-none'
FCFLAGS_f90=''
FCLIBS=' -L/usr/lib/gcc/i486-linux-gnu/4.3.2 -L/usr/lib/gcc/i486-linux-gnu/4.3.2/../../../../lib -L/lib/../lib -L/usr/lib/../lib -L/opt/intel/mkl/9.1.023/lib/32 -L/usr/lib/gcc/i486-linux-gnu/4.3.2/../../.. -lgfortranbegin -lgfortran -lm'
GREP='/bin/grep'
INSTALL_DATA='${INSTALL} -m 644'
INSTALL_PROGRAM='${INSTALL}'
INSTALL_SCRIPT='${INSTALL}'
INSTALL_STRIP_PROGRAM='$(install_sh) -c -s'
LDFLAGS=''
LIBOBJS=''
LIBS=''
LONG_LINES='yes'
LTLIBOBJS=''
MAKEINFO='${SHELL} /home/sandip/project/3ddft-3.2/libxc-1.0-alpha/missing --run makeinfo'
OBJEXT='o'
PACKAGE='libxc'
PACKAGE_BUGREPORT='octopus-users@tddft.org'
PACKAGE_NAME='libxc'
PACKAGE_STRING='libxc 1.0-alpha'
PACKAGE_TARNAME='libxc'
PACKAGE_VERSION='1.0-alpha'
PATH_SEPARATOR=':'
RANLIB='ranlib'
SET_MAKE=''
SHELL='/bin/bash'
STRIP=''
VERSION='1.0-alpha'
ac_ct_CC='gcc'
ac_ct_FC='gfortran'
am__fastdepCC_FALSE='#'
am__fastdepCC_TRUE=''
am__include='include'
am__isrc=''
am__leading_dot='.'
am__quote=''
am__tar='${AMTAR} chof - "$$tardir"'
am__untar='${AMTAR} xf -'
bindir='${exec_prefix}/bin'
build='i686-pc-linux-gnu'
build_alias=''
build_cpu='i686'
build_os='linux-gnu'
build_vendor='pc'
datadir='${datarootdir}'
datarootdir='${prefix}/share'
docdir='${datarootdir}/doc/${PACKAGE_TARNAME}'
dvidir='${docdir}'
exec_prefix='${prefix}'
host='i686-pc-linux-gnu'
host_alias=''
host_cpu='i686'
host_os='linux-gnu'
host_vendor='pc'
htmldir='${docdir}'
includedir='${prefix}/include'
infodir='${datarootdir}/info'
install_sh='$(SHELL) /home/sandip/project/3ddft-3.2/libxc-1.0-alpha/install-sh'
libdir='${exec_prefix}/lib'
libexecdir='${exec_prefix}/libexec'
localedir='${datarootdir}/locale'
localstatedir='${prefix}/var'
mandir='${datarootdir}/man'
mkdir_p='/bin/mkdir -p'
oldincludedir='/usr/include'
pdfdir='${docdir}'
prefix='/opt/etsf'
program_transform_name='s,x,x,'
psdir='${docdir}'
sbindir='${exec_prefix}/sbin'
sharedstatedir='${prefix}/com'
sysconfdir='${prefix}/etc'
target_alias=''

## ----------- ##
## confdefs.h. ##
## ----------- ##

#define PACKAGE_NAME "libxc"
#define PACKAGE_TARNAME "libxc"
#define PACKAGE_VERSION "1.0-alpha"
#define PACKAGE_STRING "libxc 1.0-alpha"
#define PACKAGE_BUGREPORT "octopus-users@tddft.org"
#define PACKAGE "libxc"
#define VERSION "1.0-alpha"
#define STDC_HEADERS 1
#define HAVE_SYS_TYPES_H 1
#define HAVE_SYS_STAT_H 1
#define HAVE_STDLIB_H 1
#define HAVE_STRING_H 1
#define HAVE_MEMORY_H 1
#define HAVE_STRINGS_H 1
#define HAVE_INTTYPES_H 1
#define HAVE_STDINT_H 1
#define HAVE_UNISTD_H 1
#define HAVE_ALLOCA_H 1
#define HAVE_ALLOCA 1
#define HAVE_FORTRAN 1
#define FC_FUNC(name,NAME) name ## _
#define FC_FUNC_(name,NAME) name ## _
#define LONG_LINES 1
#define F90_ACCEPTS_LINE_NUMBERS 1
#define FC_INTEGER_SIZE 4
#define CC_FORTRAN_INT int

configure: exit 0
